p/1656297975149.jpg 1 0 0 240 240
p/1656297975169.jpg 1 0 0 1300 1430
p/1656297975160.jpg 1 0 0 600 315
p/1656297975150.jpeg 1 0 0 600 600
p/1656297975156.jpg 1 0 0 600 384
p/1656297975165.jpg 1 0 0 500 448
p/1656297975157.jpg 1 0 0 800 800
p/1656297975147.jpg 1 0 0 1024 1024
p/1656297975163.jpg 1 0 0 501 750
p/1656297975171.jpg 1 0 0 500 500
p/1656297975167.jpg 1 0 0 600 600
p/1656297975170.jpg 1 0 0 500 500
p/1656297975144.jpg 1 0 0 800 800
p/1656297975168.jpg 1 0 0 900 900
p/1656297975154.png 1 0 0 500 500
p/1656297975166.jpg 1 0 0 1000 1000
p/1656297975172.jpg 1 0 0 1000 1000
p/1656297975173.jpg 1 0 0 375 375
p/1656297975162.jpg 1 0 0 450 450
p/1656297975151.jpg 1 0 0 1200 1800
p/1656297975164.jpg 1 0 0 700 700
p/1656297975159.jpeg 1 0 0 510 510
p/1656297975153.jpg 1 0 0 1200 1800